<?xml version="1.0" encoding="UTF-8"?>
<!-- Generated by org.testng.reporters.JUnitXMLReporter -->
<testsuite ignored="2" hostname="DESKTOP-G8O6OG0" failures="0" tests="2" name="My Test" time="19.794" errors="0" timestamp="2024-09-20T21:11:10 IST">
  <testcase classname="com.TestNGDemos.D08AmazonAssignment" name="testBestSellerLink" time="3.963"/>
  <testcase classname="com.TestNGDemos.D08AmazonAssignment" name="testElectronicsLink" time="2.871"/>
  <testcase classname="com.TestNGDemos.D08AmazonAssignment" name="testMobileLink" time="0.0">
    <ignored/>
  </testcase> <!-- testMobileLink -->
  <testcase classname="com.TestNGDemos.D08AmazonAssignment" name="testSellLink" time="0.0">
    <ignored/>
  </testcase> <!-- testSellLink -->
</testsuite> <!-- My Test -->
