<?xml version="1.0" encoding="UTF-8"?>
<testng-results ignored="0" total="2" passed="2" failed="0" skipped="0">
  <reporter-output>
  </reporter-output>
  <suite started-at="2024-10-07T21:53:01 IST" name="Demo" finished-at="2024-10-07T21:53:01 IST" duration-ms="119">
    <groups>
    </groups>
    <test started-at="2024-10-07T21:53:01 IST" name="Trial" finished-at="2024-10-07T21:53:01 IST" duration-ms="119">
      <class name="com.BeforeAfterDemos.Demo1">
        <test-method is-config="true" signature="beforeSuite()[pri:0, instance:com.BeforeAfterDemos.Demo1@7b4c50bc]" started-at="2024-10-07T21:53:01 IST" name="beforeSuite" finished-at="2024-10-07T21:53:01 IST" duration-ms="58" status="PASS">
          <reporter-output>
          </reporter-output>
        </test-method> <!-- beforeSuite -->
        <test-method is-config="true" signature="beforeTest()[pri:0, instance:com.BeforeAfterDemos.Demo1@7b4c50bc]" started-at="2024-10-07T21:53:01 IST" name="beforeTest" finished-at="2024-10-07T21:53:01 IST" duration-ms="3" status="PASS">
          <reporter-output>
          </reporter-output>
        </test-method> <!-- beforeTest -->
        <test-method is-config="true" signature="beforeClass()[pri:0, instance:com.BeforeAfterDemos.Demo1@7b4c50bc]" started-at="2024-10-07T21:53:01 IST" name="beforeClass" finished-at="2024-10-07T21:53:01 IST" duration-ms="1" status="PASS">
          <reporter-output>
          </reporter-output>
        </test-method> <!-- beforeClass -->
        <test-method signature="test1()[pri:0, instance:com.BeforeAfterDemos.Demo1@7b4c50bc]" started-at="2024-10-07T21:53:01 IST" name="test1" finished-at="2024-10-07T21:53:01 IST" duration-ms="7" status="PASS">
          <reporter-output>
          </reporter-output>
        </test-method> <!-- test1 -->
        <test-method is-config="true" signature="afterClass()[pri:0, instance:com.BeforeAfterDemos.Demo1@7b4c50bc]" started-at="2024-10-07T21:53:01 IST" name="afterClass" finished-at="2024-10-07T21:53:01 IST" duration-ms="1" status="PASS">
          <reporter-output>
          </reporter-output>
        </test-method> <!-- afterClass -->
        <test-method is-config="true" signature="afterTest()[pri:0, instance:com.BeforeAfterDemos.Demo1@7b4c50bc]" started-at="2024-10-07T21:53:01 IST" name="afterTest" finished-at="2024-10-07T21:53:01 IST" duration-ms="1" status="PASS">
          <reporter-output>
          </reporter-output>
        </test-method> <!-- afterTest -->
        <test-method is-config="true" signature="afterSuite()[pri:0, instance:com.BeforeAfterDemos.Demo1@7b4c50bc]" started-at="2024-10-07T21:53:01 IST" name="afterSuite" finished-at="2024-10-07T21:53:01 IST" duration-ms="1" status="PASS">
          <reporter-output>
          </reporter-output>
        </test-method> <!-- afterSuite -->
      </class> <!-- com.BeforeAfterDemos.Demo1 -->
      <class name="com.BeforeAfterDemos.Demo2">
        <test-method is-config="true" signature="beforeClass()[pri:0, instance:com.BeforeAfterDemos.Demo2@1a4927d6]" started-at="2024-10-07T21:53:01 IST" name="beforeClass" finished-at="2024-10-07T21:53:01 IST" duration-ms="1" status="PASS">
          <reporter-output>
          </reporter-output>
        </test-method> <!-- beforeClass -->
        <test-method signature="test2()[pri:0, instance:com.BeforeAfterDemos.Demo2@1a4927d6]" started-at="2024-10-07T21:53:01 IST" name="test2" finished-at="2024-10-07T21:53:01 IST" duration-ms="2" status="PASS">
          <reporter-output>
          </reporter-output>
        </test-method> <!-- test2 -->
        <test-method is-config="true" signature="afterClass()[pri:0, instance:com.BeforeAfterDemos.Demo2@1a4927d6]" started-at="2024-10-07T21:53:01 IST" name="afterClass" finished-at="2024-10-07T21:53:01 IST" duration-ms="3" status="PASS">
          <reporter-output>
          </reporter-output>
        </test-method> <!-- afterClass -->
      </class> <!-- com.BeforeAfterDemos.Demo2 -->
    </test> <!-- Trial -->
  </suite> <!-- Demo -->
</testng-results>
