<?xml version="1.0" encoding="UTF-8"?>
<testng-results ignored="0" total="4" passed="4" failed="0" skipped="0">
  <reporter-output>
  </reporter-output>
  <suite started-at="2024-09-19T22:21:15 IST" name="Default suite" finished-at="2024-09-19T22:21:15 IST" duration-ms="250">
    <groups>
    </groups>
    <test started-at="2024-09-19T22:21:15 IST" name="Default test" finished-at="2024-09-19T22:21:15 IST" duration-ms="250">
      <class name="com.TestNGDemos.D06DataProviderDemo">
        <test-method is-config="true" signature="beforeTest()[pri:0, instance:com.TestNGDemos.D06DataProviderDemo@7e990ed7]" started-at="2024-09-19T22:21:15 IST" name="beforeTest" finished-at="2024-09-19T22:21:15 IST" duration-ms="89" status="PASS">
          <reporter-output>
          </reporter-output>
        </test-method> <!-- beforeTest -->
        <test-method signature="loginToOHRM(java.lang.Integer,java.lang.String)[pri:0, instance:com.TestNGDemos.D06DataProviderDemo@7e990ed7]" started-at="2024-09-19T22:21:15 IST" name="loginToOHRM" data-provider="getLoginData" finished-at="2024-09-19T22:21:15 IST" duration-ms="7" status="PASS">
          <params>
            <param index="0">
              <value>
                <![CDATA[1]]>
              </value>
            </param>
            <param index="1">
              <value>
                <![CDATA[a]]>
              </value>
            </param>
          </params>
          <reporter-output>
          </reporter-output>
        </test-method> <!-- loginToOHRM -->
        <test-method is-config="true" signature="afterMethod()[pri:0, instance:com.TestNGDemos.D06DataProviderDemo@7e990ed7]" started-at="2024-09-19T22:21:15 IST" name="afterMethod" finished-at="2024-09-19T22:21:15 IST" duration-ms="1" status="PASS">
          <reporter-output>
          </reporter-output>
        </test-method> <!-- afterMethod -->
        <test-method signature="loginToOHRM(java.lang.Integer,java.lang.String)[pri:0, instance:com.TestNGDemos.D06DataProviderDemo@7e990ed7]" started-at="2024-09-19T22:21:15 IST" name="loginToOHRM" data-provider="getLoginData" finished-at="2024-09-19T22:21:15 IST" duration-ms="4" status="PASS">
          <params>
            <param index="0">
              <value>
                <![CDATA[2]]>
              </value>
            </param>
            <param index="1">
              <value>
                <![CDATA[b]]>
              </value>
            </param>
          </params>
          <reporter-output>
          </reporter-output>
        </test-method> <!-- loginToOHRM -->
        <test-method is-config="true" signature="afterMethod()[pri:0, instance:com.TestNGDemos.D06DataProviderDemo@7e990ed7]" started-at="2024-09-19T22:21:15 IST" name="afterMethod" finished-at="2024-09-19T22:21:15 IST" duration-ms="0" status="PASS">
          <reporter-output>
          </reporter-output>
        </test-method> <!-- afterMethod -->
        <test-method signature="loginToOHRM(java.lang.Integer,java.lang.String)[pri:0, instance:com.TestNGDemos.D06DataProviderDemo@7e990ed7]" started-at="2024-09-19T22:21:15 IST" name="loginToOHRM" data-provider="getLoginData" finished-at="2024-09-19T22:21:15 IST" duration-ms="2" status="PASS">
          <params>
            <param index="0">
              <value>
                <![CDATA[3]]>
              </value>
            </param>
            <param index="1">
              <value>
                <![CDATA[c]]>
              </value>
            </param>
          </params>
          <reporter-output>
          </reporter-output>
        </test-method> <!-- loginToOHRM -->
        <test-method is-config="true" signature="afterMethod()[pri:0, instance:com.TestNGDemos.D06DataProviderDemo@7e990ed7]" started-at="2024-09-19T22:21:15 IST" name="afterMethod" finished-at="2024-09-19T22:21:15 IST" duration-ms="0" status="PASS">
          <reporter-output>
          </reporter-output>
        </test-method> <!-- afterMethod -->
        <test-method signature="loginToOHRM(java.lang.Integer,java.lang.String)[pri:0, instance:com.TestNGDemos.D06DataProviderDemo@7e990ed7]" started-at="2024-09-19T22:21:15 IST" name="loginToOHRM" data-provider="getLoginData" finished-at="2024-09-19T22:21:15 IST" duration-ms="2" status="PASS">
          <params>
            <param index="0">
              <value>
                <![CDATA[2]]>
              </value>
            </param>
            <param index="1">
              <value>
                <![CDATA[b]]>
              </value>
            </param>
          </params>
          <reporter-output>
          </reporter-output>
        </test-method> <!-- loginToOHRM -->
        <test-method is-config="true" signature="afterMethod()[pri:0, instance:com.TestNGDemos.D06DataProviderDemo@7e990ed7]" started-at="2024-09-19T22:21:15 IST" name="afterMethod" finished-at="2024-09-19T22:21:15 IST" duration-ms="1" status="PASS">
          <reporter-output>
          </reporter-output>
        </test-method> <!-- afterMethod -->
        <test-method is-config="true" signature="afterTest()[pri:0, instance:com.TestNGDemos.D06DataProviderDemo@7e990ed7]" started-at="2024-09-19T22:21:15 IST" name="afterTest" finished-at="2024-09-19T22:21:15 IST" duration-ms="1" status="PASS">
          <reporter-output>
          </reporter-output>
        </test-method> <!-- afterTest -->
      </class> <!-- com.TestNGDemos.D06DataProviderDemo -->
    </test> <!-- Default test -->
  </suite> <!-- Default suite -->
</testng-results>
