<?xml version="1.0" encoding="UTF-8"?>
<!-- Generated by org.testng.reporters.JUnitXMLReporter -->
<testsuite ignored="0" hostname="DESKTOP-G8O6OG0" failures="0" tests="8" name="Default test" time="28.616" errors="0" timestamp="2024-09-26T21:29:01 IST">
  <testcase classname="com.TestNGDemos.D16LoginToOHRM_DDF" name="loginToOHRM" time="0.886"/>
  <testcase classname="com.TestNGDemos.D16LoginToOHRM_DDF" name="loginToOHRM" time="0.661"/>
  <testcase classname="com.TestNGDemos.D16LoginToOHRM_DDF" name="loginToOHRM" time="1.805"/>
  <testcase classname="com.TestNGDemos.D16LoginToOHRM_DDF" name="loginToOHRM" time="2.167"/>
  <testcase classname="com.TestNGDemos.D16LoginToOHRM_DDF" name="loginToOHRM" time="1.621"/>
  <testcase classname="com.TestNGDemos.D16LoginToOHRM_DDF" name="loginToOHRM" time="1.8"/>
  <testcase classname="com.TestNGDemos.D16LoginToOHRM_DDF" name="loginToOHRM" time="0.599"/>
  <testcase classname="com.TestNGDemos.D16LoginToOHRM_DDF" name="loginToOHRM" time="1.814"/>
</testsuite> <!-- Default test -->
