<?xml version="1.0" encoding="UTF-8"?>
<!-- Generated by org.testng.reporters.JUnitXMLReporter -->
<testsuite ignored="0" hostname="DESKTOP-G8O6OG0" failures="0" tests="4" name="Default test" time="0.25" errors="0" timestamp="2024-09-19T22:21:15 IST">
  <testcase classname="com.TestNGDemos.D06DataProviderDemo" name="loginToOHRM" time="0.007"/>
  <testcase classname="com.TestNGDemos.D06DataProviderDemo" name="loginToOHRM" time="0.004"/>
  <testcase classname="com.TestNGDemos.D06DataProviderDemo" name="loginToOHRM" time="0.002"/>
  <testcase classname="com.TestNGDemos.D06DataProviderDemo" name="loginToOHRM" time="0.002"/>
</testsuite> <!-- Default test -->
